<?xml version="1.0" encoding="UTF-8"?>
<testsuite name="censusanalyser.CensusAnalyserTest" tests="1" skipped="0" failures="0" errors="0" timestamp="2020-04-16T17:46:31" hostname="DESKTOP-ECJSPHG" time="0.436">
  <properties/>
  <testcase name="givenUsCensusData_ShouldReturnCorrectData" classname="censusanalyser.CensusAnalyserTest" time="0.436"/>
  <system-out><![CDATA[]]></system-out>
  <system-err><![CDATA[]]></system-err>
</testsuite>
