<?xml version="1.0" encoding="UTF-8"?>
<testsuite name="censusanalyser.CensusAnalyserTest" tests="1" skipped="0" failures="0" errors="0" timestamp="2020-04-13T21:13:50" hostname="DESKTOP-ECJSPHG" time="0.009">
  <properties/>
  <testcase name="givenIndianCensusdata_WhenSortedState_ShouldReturnSortedResult" classname="censusanalyser.CensusAnalyserTest" time="0.009"/>
  <system-out><![CDATA[]]></system-out>
  <system-err><![CDATA[]]></system-err>
</testsuite>
