<?xml version="1.0" encoding="UTF-8"?>
<testsuite name="censusanalyser.CensusAnalyserTest" tests="1" skipped="0" failures="0" errors="0" timestamp="2020-04-16T15:47:36" hostname="DESKTOP-ECJSPHG" time="0.545">
  <properties/>
  <testcase name="givenUSStateCensusCSVFile_WhenProper_SortStatePopulation" classname="censusanalyser.CensusAnalyserTest" time="0.545"/>
  <system-out><![CDATA[]]></system-out>
  <system-err><![CDATA[]]></system-err>
</testsuite>
