<?xml version="1.0" encoding="UTF-8"?>
<testsuite name="censusanalyser.CensusAnalyserTest" tests="18" skipped="0" failures="0" errors="0" timestamp="2020-04-16T15:52:29" hostname="DESKTOP-ECJSPHG" time="1.776">
  <properties/>
  <testcase name="givenStateCodeCSVFile_WhenWrongFile_ReturnException" classname="censusanalyser.CensusAnalyserTest" time="0.05"/>
  <testcase name="givenIndianCensusCSVFileReturnsCorrectRecords" classname="censusanalyser.CensusAnalyserTest" time="0.608"/>
  <testcase name="givenStateCodeCSVFile_WhenHeaderIncorrect_ReturnException" classname="censusanalyser.CensusAnalyserTest" time="0.101"/>
  <testcase name="givenUsCensusData_ShouldReturnCorrectData" classname="censusanalyser.CensusAnalyserTest" time="0.25"/>
  <testcase name="givenStateCensusCSVFile_WhenHeaderIncorrect_ReturnsCustomException" classname="censusanalyser.CensusAnalyserTest" time="0.029"/>
  <testcase name="givenStateCensusCSVFile_TypeIncorrect_ReturnsCustomException" classname="censusanalyser.CensusAnalyserTest" time="0.0"/>
  <testcase name="givenIndianCensusdata_WhenSortedState_ShouldReturnSortedResult" classname="censusanalyser.CensusAnalyserTest" time="0.134"/>
  <testcase name="givenStateCensusCSVFile_WhenProper_SortMostPopulationDensity_Area" classname="censusanalyser.CensusAnalyserTest" time="0.067"/>
  <testcase name="givenIndianStateCode_WhenSortedCode_ShouldReturnSortedResult" classname="censusanalyser.CensusAnalyserTest" time="0.034"/>
  <testcase name="givenStateCodeCSVFile_ReturnNumberOf_CorrectRecords" classname="censusanalyser.CensusAnalyserTest" time="0.003"/>
  <testcase name="givenStateCensusCSVFile_WhenDelimiterIncorrect_ReturnCustomException" classname="censusanalyser.CensusAnalyserTest" time="0.004"/>
  <testcase name="givenIndiaCensusData_WithWrongFile_ShouldThrowException" classname="censusanalyser.CensusAnalyserTest" time="0.001"/>
  <testcase name="givenStateCensusCSVFile_WhenProper_SortStatePopulationAndWriteToJsonFile" classname="censusanalyser.CensusAnalyserTest" time="0.103"/>
  <testcase name="givenStateCensusCSVFile_WhenProper_SortMostPopulationDensity" classname="censusanalyser.CensusAnalyserTest" time="0.091"/>
  <testcase name="givenUSStateCensusCSVFile_WhenProper_SortStatePopulation" classname="censusanalyser.CensusAnalyserTest" time="0.152"/>
  <testcase name="givenStateCodeCSVFile_WhenDelimiterIncorrect_ReturnException" classname="censusanalyser.CensusAnalyserTest" time="0.002"/>
  <testcase name="commonCSVFile_ForCensusAnalyser" classname="censusanalyser.CensusAnalyserTest" time="0.137"/>
  <testcase name="givenStateCodeCSVFile_WhenFileTypeIncorrect_ReturnException" classname="censusanalyser.CensusAnalyserTest" time="0.0"/>
  <system-out><![CDATA[[{"state":"Rajasthan","population":68621012,"totalArea":342239,"populationDensity":201},{"state":"Madhya Pradesh","population":72597565,"totalArea":308245,"populationDensity":236},{"state":"Maharashtra","population":112372972,"totalArea":307713,"populationDensity":365},{"state":"Uttar Pradesh","population":199812341,"totalArea":240928,"populationDensity":828},{"state":"Jammu and Kashmir","population":12548926,"totalArea":222236,"populationDensity":57},{"state":"Gujarat","population":60383628,"totalArea":196024,"populationDensity":308},{"state":"Karnataka","population":61130704,"totalArea":191791,"populationDensity":319},{"state":"Andhra Pradesh","population":49386799,"totalArea":162968,"populationDensity":303},{"state":"Odisha","population":41947358,"totalArea":155707,"populationDensity":269},{"state":"Chattisgarh","population":25540196,"totalArea":135191,"populationDensity":189},{"state":"Tamil Nadu","population":72138958,"totalArea":130058,"populationDensity":555},{"state":"Telangana","population":35286757,"totalArea":114840,"populationDensity":307},{"state":"Bihar","population":103804637,"totalArea":94163,"populationDensity":1102},{"state":"West Bengal","population":91347736,"totalArea":88752,"populationDensity":1029},{"state":"Jharkhand","population":32966238,"totalArea":79714,"populationDensity":414},{"state":"Assam","population":31169272,"totalArea":78438,"populationDensity":397},{"state":"Himachal Pradesh","population":6864602,"totalArea":55673,"populationDensity":123},{"state":"Uttarakhand","population":10116752,"totalArea":53483,"populationDensity":189},{"state":"Punjab","population":27704236,"totalArea":50362,"populationDensity":550},{"state":"Haryana","population":25353081,"totalArea":44212,"populationDensity":573},{"state":"Kerala","population":33387677,"totalArea":38863,"populationDensity":859},{"state":"Meghalaya","population":2964007,"totalArea":22429,"populationDensity":132},{"state":"Manipur","population":2721756,"totalArea":22327,"populationDensity":122},{"state":"Mizoram","population":1091014,"totalArea":21081,"populationDensity":52},{"state":"Arunachal Pradesh","population":1382611,"totalArea":21000,"populationDensity":50},{"state":"Nagaland","population":1980602,"totalArea":16579,"populationDensity":119},{"state":"Tripura","population":3671032,"totalArea":10486,"populationDensity":350},{"state":"Sikkim","population":607688,"totalArea":7096,"populationDensity":86},{"state":"Goa","population":1457723,"totalArea":3702,"populationDensity":394}]
Record No - 1
---------------
State : Uttar Pradesh
population : 199812341
AreaInSqKm : 240928
DensitySqKm : 828
---------------


Record No - 2
---------------
State : Maharashtra
population : 112372972
AreaInSqKm : 307713
DensitySqKm : 365
---------------


Record No - 3
---------------
State : Bihar
population : 103804637
AreaInSqKm : 94163
DensitySqKm : 1102
---------------


Record No - 4
---------------
State : West Bengal
population : 91347736
AreaInSqKm : 88752
DensitySqKm : 1029
---------------


Record No - 5
---------------
State : Madhya Pradesh
population : 72597565
AreaInSqKm : 308245
DensitySqKm : 236
---------------


Record No - 6
---------------
State : Tamil Nadu
population : 72138958
AreaInSqKm : 130058
DensitySqKm : 555
---------------


Record No - 7
---------------
State : Rajasthan
population : 68621012
AreaInSqKm : 342239
DensitySqKm : 201
---------------


Record No - 8
---------------
State : Karnataka
population : 61130704
AreaInSqKm : 191791
DensitySqKm : 319
---------------


Record No - 9
---------------
State : Gujarat
population : 60383628
AreaInSqKm : 196024
DensitySqKm : 308
---------------


Record No - 10
---------------
State : Andhra Pradesh
population : 49386799
AreaInSqKm : 162968
DensitySqKm : 303
---------------


Record No - 11
---------------
State : Odisha
population : 41947358
AreaInSqKm : 155707
DensitySqKm : 269
---------------


Record No - 12
---------------
State : Telangana
population : 35286757
AreaInSqKm : 114840
DensitySqKm : 307
---------------


Record No - 13
---------------
State : Kerala
population : 33387677
AreaInSqKm : 38863
DensitySqKm : 859
---------------


Record No - 14
---------------
State : Jharkhand
population : 32966238
AreaInSqKm : 79714
DensitySqKm : 414
---------------


Record No - 15
---------------
State : Assam
population : 31169272
AreaInSqKm : 78438
DensitySqKm : 397
---------------


Record No - 16
---------------
State : Punjab
population : 27704236
AreaInSqKm : 50362
DensitySqKm : 550
---------------


Record No - 17
---------------
State : Chattisgarh
population : 25540196
AreaInSqKm : 135191
DensitySqKm : 189
---------------


Record No - 18
---------------
State : Haryana
population : 25353081
AreaInSqKm : 44212
DensitySqKm : 573
---------------


Record No - 19
---------------
State : Jammu and Kashmir
population : 12548926
AreaInSqKm : 222236
DensitySqKm : 57
---------------


Record No - 20
---------------
State : Uttarakhand
population : 10116752
AreaInSqKm : 53483
DensitySqKm : 189
---------------


Record No - 21
---------------
State : Himachal Pradesh
population : 6864602
AreaInSqKm : 55673
DensitySqKm : 123
---------------


Record No - 22
---------------
State : Tripura
population : 3671032
AreaInSqKm : 10486
DensitySqKm : 350
---------------


Record No - 23
---------------
State : Meghalaya
population : 2964007
AreaInSqKm : 22429
DensitySqKm : 132
---------------


Record No - 24
---------------
State : Manipur
population : 2721756
AreaInSqKm : 22327
DensitySqKm : 122
---------------


Record No - 25
---------------
State : Nagaland
population : 1980602
AreaInSqKm : 16579
DensitySqKm : 119
---------------


Record No - 26
---------------
State : Goa
population : 1457723
AreaInSqKm : 3702
DensitySqKm : 394
---------------


Record No - 27
---------------
State : Arunachal Pradesh
population : 1382611
AreaInSqKm : 21000
DensitySqKm : 50
---------------


Record No - 28
---------------
State : Mizoram
population : 1091014
AreaInSqKm : 21081
DensitySqKm : 52
---------------


Record No - 29
---------------
State : Sikkim
population : 607688
AreaInSqKm : 7096
DensitySqKm : 86
---------------


]]></system-out>
  <system-err><![CDATA[]]></system-err>
</testsuite>
