<?xml version="1.0" encoding="UTF-8"?>
<<<<<<< HEAD
<testsuite name="censusanalyser.CensusAnalyserTest" tests="1" skipped="0" failures="0" errors="0" timestamp="2020-04-12T19:57:17" hostname="DESKTOP-ECJSPHG" time="0.248">
  <properties/>
  <testcase name="givenStateCodeCSVFile_ReturnNumberOf_CorrectRecords" classname="censusanalyser.CensusAnalyserTest" time="0.248"/>
=======
<testsuite name="censusanalyser.CensusAnalyserTest" tests="10" skipped="0" failures="0" errors="0" timestamp="2020-04-12T21:46:35" hostname="DESKTOP-ECJSPHG" time="0.462">
  <properties/>
  <testcase name="givenStateCodeCSVFile_WhenWrongFile_ReturnException" classname="censusanalyser.CensusAnalyserTest" time="0.018"/>
  <testcase name="givenIndianCensusCSVFileReturnsCorrectRecords" classname="censusanalyser.CensusAnalyserTest" time="0.266"/>
  <testcase name="givenStateCodeCSVFile_WhenHeaderIncorrect_ReturnException" classname="censusanalyser.CensusAnalyserTest" time="0.036"/>
  <testcase name="givenStateCensusCSVFile_WhenHeaderIncorrect_ReturnsCustomException" classname="censusanalyser.CensusAnalyserTest" time="0.019"/>
  <testcase name="givenStateCensusCSVFile_TypeIncorrect_ReturnsCustomException" classname="censusanalyser.CensusAnalyserTest" time="0.0"/>
  <testcase name="givenStateCodeCSVFile_ReturnNumberOf_CorrectRecords" classname="censusanalyser.CensusAnalyserTest" time="0.053"/>
  <testcase name="givenStateCensusCSVFile_WhenDelimiterIncorrect_ReturnCustomException" classname="censusanalyser.CensusAnalyserTest" time="0.005"/>
  <testcase name="givenIndiaCensusData_WithWrongFile_ShouldThrowException" classname="censusanalyser.CensusAnalyserTest" time="0.001"/>
  <testcase name="givenStateCodeCSVFile_WhenDelimiterIncorrect_ReturnException" classname="censusanalyser.CensusAnalyserTest" time="0.017"/>
  <testcase name="givenStateCodeCSVFile_WhenFileTypeIncorrect_ReturnException" classname="censusanalyser.CensusAnalyserTest" time="0.042"/>
>>>>>>> UC2_ToLoad_IndianStatecodeInformation
  <system-out><![CDATA[]]></system-out>
  <system-err><![CDATA[]]></system-err>
</testsuite>
