<?xml version="1.0" encoding="UTF-8"?>
<testsuite name="censusanalyser.CensusAnalyserTest" tests="1" skipped="0" failures="0" errors="0" timestamp="2020-04-15T06:35:33" hostname="DESKTOP-ECJSPHG" time="0.399">
  <properties/>
  <testcase name="givenStateCensusCSVFile_WhenProper_SortStatePopulationAndWriteToJsonFile" classname="censusanalyser.CensusAnalyserTest" time="0.399"/>
  <system-out><![CDATA[]]></system-out>
  <system-err><![CDATA[]]></system-err>
</testsuite>
