<?xml version="1.0" encoding="UTF-8"?>
<testsuite name="censusanalyser.CensusAnalyserTest" tests="1" skipped="0" failures="0" errors="0" timestamp="2020-04-14T16:19:42" hostname="DESKTOP-ECJSPHG" time="0.409">
  <properties/>
  <testcase name="givenIndianStateCode_WhenSortedCode_ShouldReturnSortedResult" classname="censusanalyser.CensusAnalyserTest" time="0.409"/>
  <system-out><![CDATA[]]></system-out>
  <system-err><![CDATA[]]></system-err>
</testsuite>
