<?xml version="1.0" encoding="UTF-8"?>
<testsuite name="censusanalyser.CensusAnalyserTest" tests="1" skipped="0" failures="0" errors="0" timestamp="2020-04-12T19:04:03" hostname="DESKTOP-ECJSPHG" time="0.081">
  <properties/>
  <testcase name="givenStateCodeCSVFile_ReturnNumberOf_CorrectRecords" classname="censusanalyser.CensusAnalyserTest" time="0.081"/>
  <system-out><![CDATA[]]></system-out>
  <system-err><![CDATA[]]></system-err>
</testsuite>
